<?xml version="1.0" encoding="UTF-8"?>
<!-- Generated by org.testng.reporters.JUnitXMLReporter -->
<testsuite ignored="4" hostname="shristi" failures="0" tests="1" name="GoogleSignIn" time="13.659" errors="0" timestamp="2021-02-24T23:15:13 IST">
  <testcase classname="TestUsingTestNG.GoogleSignInTest" name="testGoogleSignIn" time="8.605"/>
  <testcase classname="TestUsingTestNG.TestBase" name="@AfterSuite exitDriver" time="0.0">
    <ignored/>
  </testcase> <!-- @AfterSuite exitDriver -->
  <testcase classname="TestUsingTestNG.TestBase" name="@AfterTest closeDriver" time="0.0">
    <ignored/>
  </testcase> <!-- @AfterTest closeDriver -->
  <testcase classname="TestUsingTestNG.TestBase" name="@BeforeSuite initBrowser" time="0.0">
    <ignored/>
  </testcase> <!-- @BeforeSuite initBrowser -->
  <testcase classname="TestUsingTestNG.TestBase" name="@BeforeTest initializeTest" time="0.0">
    <ignored/>
  </testcase> <!-- @BeforeTest initializeTest -->
</testsuite> <!-- GoogleSignIn -->
