<?xml version="1.0" encoding="UTF-8"?>
<!-- Generated by org.testng.reporters.JUnitXMLReporter -->
<testsuite ignored="4" hostname="shristi" failures="0" tests="1" name="UsedCarsInChennai" time="25.726" errors="0" timestamp="2021-02-24T23:14:59 IST">
  <testcase classname="TestUsingTestNG.UsedCarsTest" name="testUsedCars" time="18.922"/>
  <testcase classname="TestUsingTestNG.TestBase" name="@AfterSuite exitDriver" time="0.0">
    <ignored/>
  </testcase> <!-- @AfterSuite exitDriver -->
  <testcase classname="TestUsingTestNG.TestBase" name="@AfterTest closeDriver" time="0.0">
    <ignored/>
  </testcase> <!-- @AfterTest closeDriver -->
  <testcase classname="TestUsingTestNG.TestBase" name="@BeforeSuite initBrowser" time="0.0">
    <ignored/>
  </testcase> <!-- @BeforeSuite initBrowser -->
  <testcase classname="TestUsingTestNG.TestBase" name="@BeforeTest initializeTest" time="0.0">
    <ignored/>
  </testcase> <!-- @BeforeTest initializeTest -->
</testsuite> <!-- UsedCarsInChennai -->
